<?xml version="1.0" encoding="UTF-8"?>
<!-- Generated by org.testng.reporters.JUnitReportReporter -->
<testsuite skipped="0" hostname="DESKTOP-LIOUAUS" name="com.inetBanking.testcases.TC_Logintest_001" tests="1" failures="0" timestamp="2020-04-21T21:54:26 IST" time="17.842" errors="0">
  <testcase name="loginTest" time="17.842" classname="com.inetBanking.testcases.TC_Logintest_001"/>
  <system-out/>
</testsuite> <!-- com.inetBanking.testcases.TC_Logintest_001 -->
